2017-11-16 at 15:04:31 CST INFO  org.springframework.boot.StartupInfoLogger 48 logStarting - Starting DemoApplication on DESKTOP-TS02G41 with PID 4128 (F:\PersonalProject\java\demo\demo\target\classes started by Nxin in F:\PersonalProject\java\demo\demo)
2017-11-16 at 15:04:31 CST INFO  org.springframework.boot.SpringApplication 597 logStartupProfileInfo - The following profiles are active: dev
2017-11-16 at 15:04:33 CST INFO  org.hibernate.validator.internal.util.Version 30 <clinit> - HV000001: Hibernate Validator 5.3.5.Final
2017-11-16 at 15:04:33 CST INFO  org.springframework.context.support.AbstractApplicationContext 583 prepareRefresh - Refreshing org.springframework.boot.context.embedded.AnnotationConfigEmbeddedWebApplicationContext@302c971f: startup date [Thu Nov 16 15:04:33 CST 2017]; root of context hierarchy
2017-11-16 at 15:04:40 CST INFO  org.springframework.beans.factory.support.DefaultListableBeanFactory 828 registerBeanDefinition - Overriding bean definition for bean 'customUserService' with a different definition: replacing [Generic bean: class [com.Spring.App.Security.CustomUserService]; scope=singleton; abstract=false; lazyInit=false; autowireMode=0; dependencyCheck=0; autowireCandidate=true; primary=false; factoryBeanName=null; factoryMethodName=null; initMethodName=null; destroyMethodName=null; defined in file [F:\PersonalProject\java\demo\demo\target\classes\com\Spring\App\Security\CustomUserService.class]] with [Root bean: class [null]; scope=; abstract=false; lazyInit=false; autowireMode=3; dependencyCheck=0; autowireCandidate=true; primary=false; factoryBeanName=webSecurityConfig; factoryMethodName=customUserService; initMethodName=null; destroyMethodName=(inferred); defined in class path resource [com/Spring/App/WebSecurityConfig.class]]
2017-11-16 at 15:04:42 CST INFO  org.springframework.data.repository.config.RepositoryConfigurationDelegate 165 multipleStoresDetected - Multiple Spring Data modules found, entering strict repository configuration mode!
2017-11-16 at 15:04:43 CST INFO  org.springframework.data.repository.config.RepositoryConfigurationDelegate 165 multipleStoresDetected - Multiple Spring Data modules found, entering strict repository configuration mode!
2017-11-16 at 15:04:43 CST INFO  org.springframework.data.repository.config.RepositoryConfigurationExtensionSupport 270 isStrictRepositoryCandidate - Spring Data Redis - Could not safely identify store assignment for repository candidate interface com.Spring.App.Domain.UserRepository.
2017-11-16 at 15:04:43 CST INFO  org.springframework.data.repository.config.RepositoryConfigurationExtensionSupport 270 isStrictRepositoryCandidate - Spring Data Redis - Could not safely identify store assignment for repository candidate interface com.Spring.App.Domain.SysUserRepository.
2017-11-16 at 15:04:46 CST INFO  org.springframework.context.support.PostProcessorRegistrationDelegate$BeanPostProcessorChecker 327 postProcessAfterInitialization - Bean 'redisCacheConfig' of type [com.Spring.App.Core.RedisCacheConfig$$EnhancerBySpringCGLIB$$d03ce562] is not eligible for getting processed by all BeanPostProcessors (for example: not eligible for auto-proxying)
2017-11-16 at 15:04:47 CST INFO  org.springframework.context.support.PostProcessorRegistrationDelegate$BeanPostProcessorChecker 327 postProcessAfterInitialization - Bean 'keyGenerator' of type [com.Spring.App.Core.RedisCacheConfig$1] is not eligible for getting processed by all BeanPostProcessors (for example: not eligible for auto-proxying)
2017-11-16 at 15:04:47 CST INFO  org.springframework.context.support.PostProcessorRegistrationDelegate$BeanPostProcessorChecker 327 postProcessAfterInitialization - Bean 'org.springframework.cache.annotation.ProxyCachingConfiguration' of type [org.springframework.cache.annotation.ProxyCachingConfiguration$$EnhancerBySpringCGLIB$$b32642c4] is not eligible for getting processed by all BeanPostProcessors (for example: not eligible for auto-proxying)
2017-11-16 at 15:04:51 CST INFO  org.springframework.boot.context.embedded.tomcat.TomcatEmbeddedServletContainer 89 initialize - Tomcat initialized with port(s): 8081 (http)
2017-11-16 at 15:04:51 CST INFO  org.apache.juli.logging.DirectJDKLog 179 log - Starting service [Tomcat]
2017-11-16 at 15:04:51 CST INFO  org.apache.juli.logging.DirectJDKLog 179 log - Starting Servlet Engine: Apache Tomcat/8.5.23
2017-11-16 at 15:04:52 CST INFO  org.apache.juli.logging.DirectJDKLog 179 log - Initializing Spring embedded WebApplicationContext
2017-11-16 at 15:04:52 CST INFO  org.springframework.boot.context.embedded.EmbeddedWebApplicationContext 276 prepareEmbeddedWebApplicationContext - Root WebApplicationContext: initialization completed in 18393 ms
2017-11-16 at 15:04:54 CST INFO  org.springframework.jdbc.datasource.DriverManagerDataSource 133 setDriverClassName - Loaded JDBC driver: com.mysql.jdbc.Driver
2017-11-16 at 15:04:55 CST WARN  org.springframework.security.access.intercept.AbstractSecurityInterceptor 159 afterPropertiesSet - Could not validate configuration attributes as the SecurityMetadataSource did not return any attributes from getAllConfigAttributes()
2017-11-16 at 15:04:56 CST INFO  org.springframework.boot.web.servlet.AbstractFilterRegistrationBean 258 configure - Mapping filter: 'characterEncodingFilter' to: [/*]
2017-11-16 at 15:04:56 CST INFO  org.springframework.boot.web.servlet.AbstractFilterRegistrationBean 258 configure - Mapping filter: 'hiddenHttpMethodFilter' to: [/*]
2017-11-16 at 15:04:56 CST INFO  org.springframework.boot.web.servlet.AbstractFilterRegistrationBean 258 configure - Mapping filter: 'httpPutFormContentFilter' to: [/*]
2017-11-16 at 15:04:56 CST INFO  org.springframework.boot.web.servlet.AbstractFilterRegistrationBean 258 configure - Mapping filter: 'requestContextFilter' to: [/*]
2017-11-16 at 15:04:56 CST INFO  org.springframework.boot.web.servlet.AbstractFilterRegistrationBean 258 configure - Mapping filter: 'springSecurityFilterChain' to: [/*]
2017-11-16 at 15:04:56 CST INFO  org.springframework.boot.web.servlet.AbstractFilterRegistrationBean 258 configure - Mapping filter: 'myFilterSecurityInterceptor' to: [/*]
2017-11-16 at 15:04:56 CST INFO  org.springframework.boot.web.servlet.ServletRegistrationBean 190 onStartup - Mapping servlet: 'dispatcherServlet' to [/]
2017-11-16 at 15:05:00 CST INFO  org.springframework.orm.jpa.LocalContainerEntityManagerFactoryBean 349 createNativeEntityManagerFactory - Building JPA container EntityManagerFactory for persistence unit 'default'
2017-11-16 at 15:05:00 CST INFO  org.hibernate.jpa.internal.util.LogHelper 31 logPersistenceUnitInformation - HHH000204: Processing PersistenceUnitInfo [
	name: default
	...]
2017-11-16 at 15:05:01 CST INFO  org.hibernate.Version 37 logVersion - HHH000412: Hibernate Core {5.0.12.Final}
2017-11-16 at 15:05:01 CST INFO  org.hibernate.cfg.Environment 213 <clinit> - HHH000206: hibernate.properties not found
2017-11-16 at 15:05:01 CST INFO  org.hibernate.cfg.Environment 317 buildBytecodeProvider - HHH000021: Bytecode provider name : javassist
2017-11-16 at 15:05:01 CST INFO  org.hibernate.annotations.common.reflection.java.JavaReflectionManager 66 <clinit> - HCANN000001: Hibernate Commons Annotations {5.0.1.Final}
2017-11-16 at 15:05:08 CST INFO  org.hibernate.dialect.Dialect 156 <init> - HHH000400: Using dialect: org.hibernate.dialect.MySQL5Dialect
2017-11-16 at 15:05:13 CST INFO  org.hibernate.tool.hbm2ddl.SchemaUpdate 105 execute - HHH000228: Running hbm2ddl schema update
2017-11-16 at 15:05:15 CST INFO  org.springframework.orm.jpa.AbstractEntityManagerFactoryBean 379 buildNativeEntityManagerFactory - Initialized JPA EntityManagerFactory for persistence unit 'default'
2017-11-16 at 15:05:18 CST INFO  org.hibernate.hql.internal.QueryTranslatorFactoryInitiator 47 initiateService - HHH000397: Using ASTQueryTranslatorFactory
2017-11-16 at 15:05:25 CST INFO  org.springframework.web.servlet.handler.AbstractHandlerMethodMapping$MappingRegistry 543 register - Mapped "{[/hello]}" onto public java.lang.String com.Spring.App.Controller.helloworld.index()
2017-11-16 at 15:05:25 CST INFO  org.springframework.web.servlet.handler.AbstractHandlerMethodMapping$MappingRegistry 543 register - Mapped "{[/hellogetUser]}" onto public java.util.List<com.Spring.App.Model.User> com.Spring.App.Controller.helloworld.getAllUser()
2017-11-16 at 15:05:25 CST INFO  org.springframework.web.servlet.handler.AbstractHandlerMethodMapping$MappingRegistry 543 register - Mapped "{[/403]}" onto public org.springframework.web.servlet.ModelAndView com.Spring.App.Controller.Index.error()
2017-11-16 at 15:05:25 CST INFO  org.springframework.web.servlet.handler.AbstractHandlerMethodMapping$MappingRegistry 543 register - Mapped "{[/default]}" onto public java.lang.String com.Spring.App.Controller.Index.index(org.springframework.ui.ModelMap)
2017-11-16 at 15:05:25 CST INFO  org.springframework.web.servlet.handler.AbstractHandlerMethodMapping$MappingRegistry 543 register - Mapped "{[/system],methods=[GET]}" onto public org.springframework.web.servlet.ModelAndView com.Spring.App.Controller.Index.test(org.springframework.ui.ModelMap) throws java.lang.Exception
2017-11-16 at 15:05:25 CST INFO  org.springframework.web.servlet.handler.AbstractHandlerMethodMapping$MappingRegistry 543 register - Mapped "{[/commonError]}" onto public org.springframework.web.servlet.ModelAndView com.Spring.App.Controller.Index.commonError(org.springframework.ui.ModelMap) throws java.lang.Exception
2017-11-16 at 15:05:25 CST INFO  org.springframework.web.servlet.handler.AbstractHandlerMethodMapping$MappingRegistry 543 register - Mapped "{[/logout]}" onto public java.lang.String com.Spring.App.Controller.Index.logout(javax.servlet.http.HttpServletRequest,javax.servlet.http.HttpServletResponse,org.springframework.security.core.Authentication)
2017-11-16 at 15:05:25 CST INFO  org.springframework.web.servlet.handler.AbstractHandlerMethodMapping$MappingRegistry 543 register - Mapped "{[/jsonError]}" onto public org.springframework.web.servlet.ModelAndView com.Spring.App.Controller.Index.jsonError(org.springframework.ui.ModelMap) throws com.Spring.App.MyException
2017-11-16 at 15:05:25 CST INFO  org.springframework.web.servlet.handler.AbstractHandlerMethodMapping$MappingRegistry 543 register - Mapped "{[/login]}" onto public java.lang.String com.Spring.App.Controller.Index.login()
2017-11-16 at 15:05:25 CST INFO  org.springframework.web.servlet.handler.AbstractHandlerMethodMapping$MappingRegistry 543 register - Mapped "{[/index]}" onto public java.lang.String com.Spring.App.Controller.Index.index_1()
2017-11-16 at 15:05:25 CST INFO  org.springframework.web.servlet.handler.AbstractHandlerMethodMapping$MappingRegistry 543 register - Mapped "{[/UserManage]}" onto public org.springframework.web.servlet.ModelAndView com.Spring.App.Controller.SysUserManage.Index(org.springframework.ui.ModelMap)
2017-11-16 at 15:05:25 CST INFO  org.springframework.web.servlet.handler.AbstractHandlerMethodMapping$MappingRegistry 543 register - Mapped "{[/getuserList]}" onto public java.util.List<com.Spring.App.Model.Sys_User> com.Spring.App.Controller.SysUserManage.getList() throws java.lang.Exception
2017-11-16 at 15:05:25 CST INFO  org.springframework.web.servlet.handler.AbstractHandlerMethodMapping$MappingRegistry 543 register - Mapped "{[/getuserbypage]}" onto public com.Spring.App.Core.DataVO<com.Spring.App.Model.Sys_User> com.Spring.App.Controller.SysUserManage.getuserbypage(java.lang.String)
2017-11-16 at 15:05:25 CST INFO  org.springframework.web.servlet.handler.AbstractHandlerMethodMapping$MappingRegistry 543 register - Mapped "{[/users/{id}],methods=[GET]}" onto public com.Spring.App.Model.Users com.Spring.App.Controller.UserController.getUser(java.lang.Long)
2017-11-16 at 15:05:25 CST INFO  org.springframework.web.servlet.handler.AbstractHandlerMethodMapping$MappingRegistry 543 register - Mapped "{[/users/],methods=[GET]}" onto public java.util.List<com.Spring.App.Model.Users> com.Spring.App.Controller.UserController.getUserList()
2017-11-16 at 15:05:25 CST INFO  org.springframework.web.servlet.handler.AbstractHandlerMethodMapping$MappingRegistry 543 register - Mapped "{[/users/],methods=[POST]}" onto public java.lang.String com.Spring.App.Controller.UserController.postUser(com.Spring.App.Model.Users)
2017-11-16 at 15:05:25 CST INFO  org.springframework.web.servlet.handler.AbstractHandlerMethodMapping$MappingRegistry 543 register - Mapped "{[/users/{id}],methods=[PUT]}" onto public java.lang.String com.Spring.App.Controller.UserController.putUser(java.lang.Long,com.Spring.App.Model.Users)
2017-11-16 at 15:05:25 CST INFO  org.springframework.web.servlet.handler.AbstractHandlerMethodMapping$MappingRegistry 543 register - Mapped "{[/users/{id}],methods=[DELETE]}" onto public java.lang.String com.Spring.App.Controller.UserController.deleteUser(java.lang.Long)
2017-11-16 at 15:05:25 CST INFO  org.springframework.web.servlet.handler.AbstractHandlerMethodMapping$MappingRegistry 543 register - Mapped "{[/v2/api-docs],methods=[GET],produces=[application/json || application/hal+json]}" onto public org.springframework.http.ResponseEntity<springfox.documentation.spring.web.json.Json> springfox.documentation.swagger2.web.Swagger2Controller.getDocumentation(java.lang.String,javax.servlet.http.HttpServletRequest)
2017-11-16 at 15:05:25 CST INFO  org.springframework.web.servlet.handler.AbstractHandlerMethodMapping$MappingRegistry 543 register - Mapped "{[/swagger-resources]}" onto org.springframework.http.ResponseEntity<java.util.List<springfox.documentation.swagger.web.SwaggerResource>> springfox.documentation.swagger.web.ApiResourceController.swaggerResources()
2017-11-16 at 15:05:25 CST INFO  org.springframework.web.servlet.handler.AbstractHandlerMethodMapping$MappingRegistry 543 register - Mapped "{[/swagger-resources/configuration/ui]}" onto org.springframework.http.ResponseEntity<springfox.documentation.swagger.web.UiConfiguration> springfox.documentation.swagger.web.ApiResourceController.uiConfiguration()
2017-11-16 at 15:05:25 CST INFO  org.springframework.web.servlet.handler.AbstractHandlerMethodMapping$MappingRegistry 543 register - Mapped "{[/swagger-resources/configuration/security]}" onto org.springframework.http.ResponseEntity<springfox.documentation.swagger.web.SecurityConfiguration> springfox.documentation.swagger.web.ApiResourceController.securityConfiguration()
2017-11-16 at 15:05:26 CST INFO  org.springframework.web.servlet.handler.AbstractHandlerMethodMapping$MappingRegistry 543 register - Mapped "{[/error]}" onto public org.springframework.http.ResponseEntity<java.util.Map<java.lang.String, java.lang.Object>> org.springframework.boot.autoconfigure.web.BasicErrorController.error(javax.servlet.http.HttpServletRequest)
2017-11-16 at 15:05:26 CST INFO  org.springframework.web.servlet.handler.AbstractHandlerMethodMapping$MappingRegistry 543 register - Mapped "{[/error],produces=[text/html]}" onto public org.springframework.web.servlet.ModelAndView org.springframework.boot.autoconfigure.web.BasicErrorController.errorHtml(javax.servlet.http.HttpServletRequest,javax.servlet.http.HttpServletResponse)
2017-11-16 at 15:05:27 CST INFO  org.springframework.security.web.DefaultSecurityFilterChain 43 <init> - Creating filter chain: org.springframework.security.web.util.matcher.AnyRequestMatcher@1, [org.springframework.security.web.context.request.async.WebAsyncManagerIntegrationFilter@37142579, org.springframework.security.web.context.SecurityContextPersistenceFilter@4910afdf, org.springframework.security.web.header.HeaderWriterFilter@5ae87de0, org.springframework.security.web.authentication.logout.LogoutFilter@10dbf660, org.springframework.security.web.authentication.UsernamePasswordAuthenticationFilter@76d1f6ea, org.springframework.security.web.savedrequest.RequestCacheAwareFilter@45cb5307, org.springframework.security.web.servletapi.SecurityContextHolderAwareRequestFilter@2cebf82f, org.springframework.security.web.authentication.rememberme.RememberMeAuthenticationFilter@5ac0bf84, org.springframework.security.web.authentication.AnonymousAuthenticationFilter@264576e4, org.springframework.security.web.session.SessionManagementFilter@514dc5f4, org.springframework.security.web.access.ExceptionTranslationFilter@2125535d, com.Spring.App.Security.MyFilterSecurityInterceptor@2fdbdc31, org.springframework.security.web.access.intercept.FilterSecurityInterceptor@4544ab46]
2017-11-16 at 15:05:28 CST INFO  org.springframework.web.servlet.mvc.method.annotation.RequestMappingHandlerAdapter 534 initControllerAdviceCache - Looking for @ControllerAdvice: org.springframework.boot.context.embedded.AnnotationConfigEmbeddedWebApplicationContext@302c971f: startup date [Thu Nov 16 15:04:33 CST 2017]; root of context hierarchy
2017-11-16 at 15:05:28 CST INFO  org.springframework.web.servlet.handler.AbstractUrlHandlerMapping 349 registerHandler - Root mapping to handler of type [class org.springframework.web.servlet.mvc.ParameterizableViewController]
2017-11-16 at 15:05:28 CST INFO  org.springframework.web.servlet.handler.AbstractUrlHandlerMapping 362 registerHandler - Mapped URL path [/webjars/**] onto handler of type [class org.springframework.web.servlet.resource.ResourceHttpRequestHandler]
2017-11-16 at 15:05:28 CST INFO  org.springframework.web.servlet.handler.AbstractUrlHandlerMapping 362 registerHandler - Mapped URL path [/**] onto handler of type [class org.springframework.web.servlet.resource.ResourceHttpRequestHandler]
2017-11-16 at 15:05:28 CST INFO  org.springframework.web.servlet.mvc.method.annotation.ExceptionHandlerExceptionResolver 273 initExceptionHandlerAdviceCache - Detected @ExceptionHandler methods in globalExceptionHandler
2017-11-16 at 15:05:28 CST INFO  org.springframework.web.servlet.handler.AbstractUrlHandlerMapping 362 registerHandler - Mapped URL path [/**/favicon.ico] onto handler of type [class org.springframework.web.servlet.resource.ResourceHttpRequestHandler]
2017-11-16 at 15:05:28 CST WARN  org.thymeleaf.templatemode.TemplateMode 161 parse - [THYMELEAF][main] Unknown Template Mode 'HTML5 '. Must be one of: 'HTML', 'XML', 'TEXT', 'JAVASCRIPT', 'CSS', 'RAW'. Using default Template Mode 'HTML'.
2017-11-16 at 15:05:31 CST INFO  org.springframework.jmx.export.MBeanExporter 431 afterSingletonsInstantiated - Registering beans for JMX exposure on startup
2017-11-16 at 15:05:31 CST INFO  org.springframework.context.support.DefaultLifecycleProcessor$LifecycleGroup 343 start - Starting beans in phase 2147483647
2017-11-16 at 15:05:31 CST INFO  springfox.documentation.spring.web.plugins.DocumentationPluginsBootstrapper 120 start - Context refreshed
2017-11-16 at 15:05:31 CST INFO  springfox.documentation.spring.web.plugins.DocumentationPluginsBootstrapper 123 start - Found 1 custom documentation plugin(s)
2017-11-16 at 15:05:31 CST INFO  springfox.documentation.spring.web.scanners.ApiListingReferenceScanner 41 scan - Scanning for api listing references
2017-11-16 at 15:05:32 CST WARN  springfox.documentation.spring.web.readers.parameter.ParameterDataTypeReader 87 apply - Trying to infer dataType org.springframework.ui.ModelMap
2017-11-16 at 15:05:32 CST WARN  springfox.documentation.spring.web.readers.parameter.ParameterDataTypeReader 87 apply - Trying to infer dataType org.springframework.ui.ModelMap
2017-11-16 at 15:05:32 CST WARN  springfox.documentation.spring.web.readers.parameter.ParameterDataTypeReader 87 apply - Trying to infer dataType org.springframework.ui.ModelMap
2017-11-16 at 15:05:32 CST WARN  springfox.documentation.spring.web.readers.parameter.ParameterDataTypeReader 87 apply - Trying to infer dataType org.springframework.ui.ModelMap
2017-11-16 at 15:05:32 CST WARN  springfox.documentation.spring.web.readers.parameter.ParameterDataTypeReader 87 apply - Trying to infer dataType org.springframework.ui.ModelMap
2017-11-16 at 15:05:32 CST WARN  springfox.documentation.spring.web.readers.parameter.ParameterDataTypeReader 87 apply - Trying to infer dataType org.springframework.ui.ModelMap
2017-11-16 at 15:05:32 CST WARN  springfox.documentation.spring.web.readers.parameter.ParameterDataTypeReader 87 apply - Trying to infer dataType org.springframework.ui.ModelMap
2017-11-16 at 15:05:32 CST WARN  springfox.documentation.spring.web.readers.parameter.ParameterDataTypeReader 87 apply - Trying to infer dataType org.springframework.ui.ModelMap
2017-11-16 at 15:05:32 CST WARN  springfox.documentation.spring.web.readers.parameter.ParameterDataTypeReader 87 apply - Trying to infer dataType org.springframework.ui.ModelMap
2017-11-16 at 15:05:32 CST INFO  springfox.documentation.spring.web.readers.operation.CachingOperationNameGenerator 40 startingWith - Generating unique operation named: indexUsingGET_1
2017-11-16 at 15:05:32 CST WARN  springfox.documentation.spring.web.readers.parameter.ParameterDataTypeReader 87 apply - Trying to infer dataType org.springframework.ui.ModelMap
2017-11-16 at 15:05:32 CST INFO  springfox.documentation.spring.web.readers.operation.CachingOperationNameGenerator 40 startingWith - Generating unique operation named: indexUsingHEAD_1
2017-11-16 at 15:05:32 CST WARN  springfox.documentation.spring.web.readers.parameter.ParameterDataTypeReader 87 apply - Trying to infer dataType org.springframework.ui.ModelMap
2017-11-16 at 15:05:32 CST INFO  springfox.documentation.spring.web.readers.operation.CachingOperationNameGenerator 40 startingWith - Generating unique operation named: indexUsingPOST_1
2017-11-16 at 15:05:32 CST WARN  springfox.documentation.spring.web.readers.parameter.ParameterDataTypeReader 87 apply - Trying to infer dataType org.springframework.ui.ModelMap
2017-11-16 at 15:05:32 CST INFO  springfox.documentation.spring.web.readers.operation.CachingOperationNameGenerator 40 startingWith - Generating unique operation named: indexUsingPUT_1
2017-11-16 at 15:05:32 CST WARN  springfox.documentation.spring.web.readers.parameter.ParameterDataTypeReader 87 apply - Trying to infer dataType org.springframework.ui.ModelMap
2017-11-16 at 15:05:32 CST INFO  springfox.documentation.spring.web.readers.operation.CachingOperationNameGenerator 40 startingWith - Generating unique operation named: indexUsingPATCH_1
2017-11-16 at 15:05:32 CST WARN  springfox.documentation.spring.web.readers.parameter.ParameterDataTypeReader 87 apply - Trying to infer dataType org.springframework.ui.ModelMap
2017-11-16 at 15:05:32 CST INFO  springfox.documentation.spring.web.readers.operation.CachingOperationNameGenerator 40 startingWith - Generating unique operation named: indexUsingDELETE_1
2017-11-16 at 15:05:32 CST WARN  springfox.documentation.spring.web.readers.parameter.ParameterDataTypeReader 87 apply - Trying to infer dataType org.springframework.ui.ModelMap
2017-11-16 at 15:05:32 CST INFO  springfox.documentation.spring.web.readers.operation.CachingOperationNameGenerator 40 startingWith - Generating unique operation named: indexUsingOPTIONS_1
2017-11-16 at 15:05:32 CST WARN  springfox.documentation.spring.web.readers.parameter.ParameterDataTypeReader 87 apply - Trying to infer dataType org.springframework.ui.ModelMap
2017-11-16 at 15:05:32 CST INFO  springfox.documentation.spring.web.readers.operation.CachingOperationNameGenerator 40 startingWith - Generating unique operation named: indexUsingTRACE_1
2017-11-16 at 15:05:32 CST WARN  springfox.documentation.spring.web.readers.parameter.ParameterDataTypeReader 87 apply - Trying to infer dataType org.springframework.ui.ModelMap
2017-11-16 at 15:05:32 CST WARN  springfox.documentation.spring.web.readers.parameter.ParameterDataTypeReader 87 apply - Trying to infer dataType org.springframework.ui.ModelMap
2017-11-16 at 15:05:32 CST WARN  springfox.documentation.spring.web.readers.parameter.ParameterDataTypeReader 87 apply - Trying to infer dataType org.springframework.ui.ModelMap
2017-11-16 at 15:05:32 CST WARN  springfox.documentation.spring.web.readers.parameter.ParameterDataTypeReader 87 apply - Trying to infer dataType org.springframework.ui.ModelMap
2017-11-16 at 15:05:32 CST WARN  springfox.documentation.spring.web.readers.parameter.ParameterDataTypeReader 87 apply - Trying to infer dataType org.springframework.ui.ModelMap
2017-11-16 at 15:05:32 CST WARN  springfox.documentation.spring.web.readers.parameter.ParameterDataTypeReader 87 apply - Trying to infer dataType org.springframework.ui.ModelMap
2017-11-16 at 15:05:32 CST WARN  springfox.documentation.spring.web.readers.parameter.ParameterDataTypeReader 87 apply - Trying to infer dataType org.springframework.ui.ModelMap
2017-11-16 at 15:05:32 CST WARN  springfox.documentation.spring.web.readers.parameter.ParameterDataTypeReader 87 apply - Trying to infer dataType org.springframework.ui.ModelMap
2017-11-16 at 15:05:32 CST WARN  springfox.documentation.spring.web.readers.parameter.ParameterDataTypeReader 87 apply - Trying to infer dataType org.springframework.ui.ModelMap
2017-11-16 at 15:05:32 CST WARN  springfox.documentation.spring.web.readers.parameter.ParameterDataTypeReader 87 apply - Trying to infer dataType org.springframework.ui.ModelMap
2017-11-16 at 15:05:32 CST WARN  springfox.documentation.spring.web.readers.parameter.ParameterDataTypeReader 87 apply - Trying to infer dataType org.springframework.ui.ModelMap
2017-11-16 at 15:05:32 CST WARN  springfox.documentation.spring.web.readers.parameter.ParameterDataTypeReader 87 apply - Trying to infer dataType org.springframework.ui.ModelMap
2017-11-16 at 15:05:32 CST WARN  springfox.documentation.spring.web.readers.parameter.ParameterDataTypeReader 87 apply - Trying to infer dataType org.springframework.ui.ModelMap
2017-11-16 at 15:05:33 CST WARN  springfox.documentation.spring.web.readers.parameter.ParameterDataTypeReader 87 apply - Trying to infer dataType org.springframework.ui.ModelMap
2017-11-16 at 15:05:33 CST WARN  springfox.documentation.spring.web.readers.parameter.ParameterDataTypeReader 87 apply - Trying to infer dataType org.springframework.ui.ModelMap
2017-11-16 at 15:05:33 CST WARN  springfox.documentation.spring.web.readers.parameter.ParameterDataTypeReader 87 apply - Trying to infer dataType org.springframework.ui.ModelMap
2017-11-16 at 15:05:33 CST WARN  springfox.documentation.spring.web.readers.parameter.ParameterDataTypeReader 87 apply - Trying to infer dataType org.springframework.ui.ModelMap
2017-11-16 at 15:05:33 CST INFO  org.springframework.scheduling.annotation.ScheduledAnnotationBeanPostProcessor 262 finishRegistration - No TaskScheduler/ScheduledExecutorService bean found for scheduled processing
2017-11-16 at 15:05:33 CST INFO  org.apache.juli.logging.DirectJDKLog 179 log - Initializing ProtocolHandler ["http-nio-8081"]
2017-11-16 at 15:05:34 CST INFO  org.apache.juli.logging.DirectJDKLog 179 log - Starting ProtocolHandler ["http-nio-8081"]
2017-11-16 at 15:05:34 CST INFO  org.apache.juli.logging.DirectJDKLog 179 log - Using a shared selector for servlet write/read
2017-11-16 at 15:05:34 CST INFO  org.springframework.boot.context.embedded.tomcat.TomcatEmbeddedServletContainer 201 start - Tomcat started on port(s): 8081 (http)
2017-11-16 at 15:05:34 CST INFO  org.springframework.boot.StartupInfoLogger 57 logStarted - Started DemoApplication in 64.938 seconds (JVM running for 66.831)
2017-11-16 at 15:05:44 CST INFO  org.apache.juli.logging.DirectJDKLog 179 log - Initializing Spring FrameworkServlet 'dispatcherServlet'
2017-11-16 at 15:05:44 CST INFO  org.springframework.web.servlet.FrameworkServlet 489 initServletBean - FrameworkServlet 'dispatcherServlet': initialization started
2017-11-16 at 15:05:45 CST INFO  org.springframework.web.servlet.FrameworkServlet 508 initServletBean - FrameworkServlet 'dispatcherServlet': initialization completed in 60 ms
